<?xml version="1.0" encoding="UTF-8"?>
<!-- Generated by org.testng.reporters.JUnitReportReporter -->
<testsuite hostname="DESKTOP-RRGIG12" failures="0" tests="1" name="TestDemoqaUpload" time="11.069" errors="0" timestamp="2024-08-23T16:51:03 TRT" skipped="0">
  <testcase classname="TestDemoqaUpload" name="test01" time="11.069"/>
  <system-out/>
</testsuite> <!-- TestDemoqaUpload -->
